<?xml version="1.0" encoding="UTF-8"?>
<!-- Generated by org.testng.reporters.JUnitXMLReporter -->
<testsuite hostname="MX-IT01305" name="StarbucksPage" tests="2" failures="2" timestamp="10 Oct 2018 17:22:15 GMT" time="0.188" errors="0">
  <testcase name="testStarbucksSearch" time="0.175" classname="com.automation.tests.StarbucksTest">
    <failure type="java.lang.AssertionError" message="Lists differ at element [1]:  TEA != TEA expected [ TEA] but found [TEA]">
      <![CDATA[java.lang.AssertionError: Lists differ at element [1]:  TEA != TEA expected [ TEA] but found [TEA]
	at com.automation.tests.StarbucksTest.testStarbucksSearch(StarbucksTest.java:20)
... Removed 30 stack frames]]>
    </failure>
  </testcase> <!-- testStarbucksSearch -->
  <testcase name="testStarbucksSearch" time="0.175" classname="com.automation.tests.StarbucksTest">
    <failure type="java.lang.AssertionError" message="Lists differ at element [1]:  TEA != TEA expected [ TEA] but found [TEA]">
      <![CDATA[java.lang.AssertionError: Lists differ at element [1]:  TEA != TEA expected [ TEA] but found [TEA]
	at com.automation.tests.StarbucksTest.testStarbucksSearch(StarbucksTest.java:20)
... Removed 30 stack frames]]>
    </failure>
  </testcase> <!-- testStarbucksSearch -->
</testsuite> <!-- StarbucksPage -->
